#
# A fatal error has been detected by the Java Runtime Environment:
#
#  EXCEPTION_ACCESS_VIOLATION (0xc0000005) at pc=0x0000000074510c66, pid=7276, tid=6132
#
# JRE version: Java(TM) SE Runtime Environment (8.0_77-b03) (build 1.8.0_77-b03)
# Java VM: Java HotSpot(TM) 64-Bit Server VM (25.77-b03 mixed mode windows-amd64 compressed oops)
# Problematic frame:
# C  [jfxwebkit.dll+0x910c66]
#
# Failed to write core dump. Minidumps are not enabled by default on client versions of Windows
#
# If you would like to submit a bug report, please visit:
#   http://bugreport.java.com/bugreport/crash.jsp
# The crash happened outside the Java Virtual Machine in native code.
# See problematic frame for where to report the bug.
#

---------------  T H R E A D  ---------------

Current thread (0x0000000019729800):  JavaThread "JavaFX Application Thread" [_thread_in_native, id=6132, stack(0x0000000022150000,0x0000000022250000)]

siginfo: ExceptionCode=0xc0000005, reading address 0x0000000000000054

Registers:
RAX=0x0000000000000000, RBX=0x00000000000007c0, RCX=0x000000002e2262a0, RDX=0x0000000022249410
RSP=0x0000000022249330, RBP=0x0000000000000000, RSI=0x000000002224a501, RDI=0x000000002e2262a0
R8 =0x0000000000000000, R9 =0x0000000000000001, R10=0x0000000000000000, R11=0x0000000000000000
R12=0x000000002224a7a0, R13=0x0000000000000000, R14=0x000000002e2262a0, R15=0x00000000222494a8
RIP=0x0000000074510c66, EFLAGS=0x0000000000010206

Top of Stack: (sp=0x0000000022249330)
0x0000000022249330:   000000002dca4cd0 000000002dca4cd0
0x0000000022249340:   fffffffffffffffe 0000000049eab400
0x0000000022249350:   0000000022249400 000000007451224d
0x0000000022249360:   000000002e2262a0 000000002dca3130
0x0000000022249370:   0000000000000000 000000002224a501
0x0000000022249380:   0000000022249530 000000007462375c
0x0000000022249390:   00000000000007c0 00000000000007c0
0x00000000222493a0:   00000000000007c0 0000000000000000
0x00000000222493b0:   0000000000000000 000000002253d370
0x00000000222493c0:   000015c000000018 0000000000000001
0x00000000222493d0:   0000000022249748 0000000022249758
0x00000000222493e0:   0000000022249728 000000002224a580
0x00000000222493f0:   00000000222494a8 00000000746230fb
0x0000000022249400:   00000000000007c0 000000002dca4cd0
0x0000000022249410:   000000002dca4cd0 000000002dca4cd0
0x0000000022249420:   0000000000000001 000000007462224b 

Instructions: (pc=0x0000000074510c66)
0x0000000074510c46:   cc cc cc cc cc cc cc cc cc cc 48 89 5c 24 10 55
0x0000000074510c56:   56 57 48 83 ec 40 48 8b 41 48 48 8b f9 49 8b e8
0x0000000074510c66:   8b 48 54 48 8b f2 c1 e9 0d 83 e1 03 74 31 83 f9
0x0000000074510c76:   03 74 2c 48 8b 07 48 8d 54 24 60 48 8b cf ff 90 


Register to memory mapping:

RAX=0x0000000000000000 is an unknown value
RBX=0x00000000000007c0 is an unknown value
RCX=0x000000002e2262a0 is an unknown value
RDX=0x0000000022249410 is pointing into the stack for thread: 0x0000000019729800
RSP=0x0000000022249330 is pointing into the stack for thread: 0x0000000019729800
RBP=0x0000000000000000 is an unknown value
RSI=0x000000002224a501 is pointing into the stack for thread: 0x0000000019729800
RDI=0x000000002e2262a0 is an unknown value
R8 =0x0000000000000000 is an unknown value
R9 =0x0000000000000001 is an unknown value
R10=0x0000000000000000 is an unknown value
R11=0x0000000000000000 is an unknown value
R12=0x000000002224a7a0 is pointing into the stack for thread: 0x0000000019729800
R13=0x0000000000000000 is an unknown value
R14=0x000000002e2262a0 is an unknown value
R15=0x00000000222494a8 is pointing into the stack for thread: 0x0000000019729800


Stack: [0x0000000022150000,0x0000000022250000],  sp=0x0000000022249330,  free space=996k
Native frames: (J=compiled Java code, j=interpreted, Vv=VM code, C=native code)

Java frames: (J=compiled Java code, j=interpreted, Vv=VM code)
j  com.sun.webkit.WebPage.twkPrePaint(J)V+0
j  com.sun.webkit.WebPage.updateDirty(Lcom/sun/webkit/graphics/WCRectangle;)V+117
j  com.sun.webkit.WebPage.updateContent(Lcom/sun/webkit/graphics/WCRectangle;)V+48
j  com.sun.javafx.sg.prism.web.NGWebView.update()V+68
j  javafx.scene.web.WebView.handleStagePulse()V+78
j  javafx.scene.web.WebView.lambda$new$29()V+1
j  javafx.scene.web.WebView$$Lambda$105.pulse()V+4
J 3233 C1 com.sun.javafx.tk.Toolkit$$Lambda$209.run()Ljava/lang/Object; (8 bytes) @ 0x0000000002ebb3cc [0x0000000002ebb280+0x14c]
v  ~StubRoutines::call_stub
J 1140  java.security.AccessController.doPrivileged(Ljava/security/PrivilegedAction;Ljava/security/AccessControlContext;)Ljava/lang/Object; (0 bytes) @ 0x00000000027e0ca6 [0x00000000027e0c40+0x66]
J 2943 C1 com.sun.javafx.tk.Toolkit.runPulse(Lcom/sun/javafx/tk/TKPulseListener;Ljava/security/AccessControlContext;)V (26 bytes) @ 0x0000000002dc4314 [0x0000000002dc3ea0+0x474]
j  com.sun.javafx.tk.Toolkit.firePulse()V+129
j  com.sun.javafx.tk.quantum.QuantumToolkit.pulse(Z)V+97
j  com.sun.javafx.tk.quantum.QuantumToolkit.pulse()V+2
j  com.sun.javafx.tk.quantum.QuantumToolkit.lambda$runToolkit$404()V+1
j  com.sun.javafx.tk.quantum.QuantumToolkit$$Lambda$60.run()V+4
J 4326 C1 com.sun.glass.ui.InvokeLaterDispatcher$Future.run()V (91 bytes) @ 0x00000000025c688c [0x00000000025c6780+0x10c]
v  ~StubRoutines::call_stub
j  com.sun.glass.ui.win.WinApplication._runLoop(Ljava/lang/Runnable;)V+0
j  com.sun.glass.ui.win.WinApplication.lambda$null$148(ILjava/lang/Runnable;)V+8
j  com.sun.glass.ui.win.WinApplication$$Lambda$56.run()V+12
j  java.lang.Thread.run()V+11
v  ~StubRoutines::call_stub

---------------  P R O C E S S  ---------------

Java Threads: ( => current thread )
  0x00000000214bf000 JavaThread "Thread-2821" daemon [_thread_blocked, id=11232, stack(0x00000000509e0000,0x0000000050ae0000)]
  0x0000000021074000 JavaThread "Thread-2820" daemon [_thread_blocked, id=9984, stack(0x00000000508e0000,0x00000000509e0000)]
  0x00000000214c1000 JavaThread "Thread-2801" daemon [_thread_blocked, id=5620, stack(0x00000000507e0000,0x00000000508e0000)]
  0x000000002101a000 JavaThread "Thread-2795" daemon [_thread_blocked, id=6516, stack(0x00000000506e0000,0x00000000507e0000)]
  0x000000001fcd7800 JavaThread "Thread-2751" daemon [_thread_blocked, id=9844, stack(0x00000000505e0000,0x00000000506e0000)]
  0x000000001fcd5800 JavaThread "Thread-2711" daemon [_thread_blocked, id=6536, stack(0x00000000504e0000,0x00000000505e0000)]
  0x000000001fcd7000 JavaThread "Thread-2686" daemon [_thread_blocked, id=4516, stack(0x00000000503e0000,0x00000000504e0000)]
  0x000000001fcd4000 JavaThread "Thread-2685" daemon [_thread_blocked, id=7444, stack(0x00000000502e0000,0x00000000503e0000)]
  0x000000002025c800 JavaThread "URL-Loader-20" daemon [_thread_blocked, id=1612, stack(0x0000000046b80000,0x0000000046c80000)]
  0x00000000214ba800 JavaThread "DestroyJavaVM" [_thread_blocked, id=9724, stack(0x00000000021b0000,0x00000000022b0000)]
  0x0000000020257800 JavaThread "URL-Loader-19" daemon [_thread_blocked, id=7976, stack(0x0000000046670000,0x0000000046770000)]
  0x0000000020259800 JavaThread "URL-Loader-18" daemon [_thread_blocked, id=4620, stack(0x0000000046570000,0x0000000046670000)]
  0x000000002101e000 JavaThread "URL-Loader-17" daemon [_thread_blocked, id=2032, stack(0x0000000046470000,0x0000000046570000)]
  0x0000000021075000 JavaThread "Thread-1748" daemon [_thread_in_native, id=7392, stack(0x0000000046370000,0x0000000046470000)]
  0x000000002025b000 JavaThread "URL-Loader-16" daemon [_thread_blocked, id=3064, stack(0x0000000046270000,0x0000000046370000)]
  0x000000002025a800 JavaThread "URL-Loader-15" daemon [_thread_blocked, id=3596, stack(0x0000000046170000,0x0000000046270000)]
  0x0000000020259000 JavaThread "URL-Loader-14" daemon [_thread_blocked, id=7704, stack(0x0000000046070000,0x0000000046170000)]
  0x00000000214be000 JavaThread "URL-Loader-13" daemon [_thread_blocked, id=1500, stack(0x0000000045f70000,0x0000000046070000)]
  0x00000000214bc000 JavaThread "URL-Loader-12" daemon [_thread_blocked, id=10220, stack(0x0000000045e70000,0x0000000045f70000)]
  0x00000000214bb000 JavaThread "URL-Loader-11" daemon [_thread_blocked, id=6504, stack(0x0000000045d70000,0x0000000045e70000)]
  0x00000000214bd800 JavaThread "URL-Loader-10" daemon [_thread_blocked, id=10960, stack(0x0000000045c70000,0x0000000045d70000)]
  0x00000000201e3800 JavaThread "URL-Loader-9" daemon [_thread_blocked, id=1256, stack(0x0000000045b70000,0x0000000045c70000)]
  0x00000000201e1800 JavaThread "Abandoned connection cleanup thread" daemon [_thread_blocked, id=980, stack(0x0000000045870000,0x0000000045970000)]
  0x0000000021073800 JavaThread "URL-Loader-8" daemon [_thread_in_native, id=6092, stack(0x0000000045570000,0x0000000045670000)]
  0x000000002024f800 JavaThread "Keep-Alive-Timer" daemon [_thread_blocked, id=7388, stack(0x0000000045470000,0x0000000045570000)]
  0x000000002101b800 JavaThread "URL-Loader-7" daemon [_thread_blocked, id=1476, stack(0x0000000045200000,0x0000000045300000)]
  0x000000002101d000 JavaThread "URL-Loader-6" daemon [_thread_blocked, id=11488, stack(0x0000000045100000,0x0000000045200000)]
  0x0000000021021000 JavaThread "URL-Loader-5" daemon [_thread_blocked, id=5340, stack(0x0000000045000000,0x0000000045100000)]
  0x0000000021020000 JavaThread "URL-Loader-4" daemon [_thread_blocked, id=5816, stack(0x0000000044f00000,0x0000000045000000)]
  0x000000002101e800 JavaThread "URL-Loader-3" daemon [_thread_blocked, id=3636, stack(0x0000000044e00000,0x0000000044f00000)]
  0x000000002101f800 JavaThread "URL-Loader-2" daemon [_thread_blocked, id=7404, stack(0x0000000044d00000,0x0000000044e00000)]
  0x000000002101c800 JavaThread "Watchdog-Timer-1" daemon [_thread_blocked, id=11748, stack(0x0000000044c00000,0x0000000044d00000)]
  0x00000000201e3000 JavaThread "Timer-0" daemon [_thread_blocked, id=7092, stack(0x00000000440e0000,0x00000000441e0000)]
  0x0000000020256800 JavaThread "Prism Font Disposer" daemon [_thread_blocked, id=10404, stack(0x000000003e250000,0x000000003e350000)]
  0x00000000201e0800 JavaThread "Media Resource Disposer" daemon [_thread_blocked, id=11100, stack(0x000000002d0e0000,0x000000002d1e0000)]
  0x0000000020256000 JavaThread "URL-Loader-1" daemon [_thread_blocked, id=7692, stack(0x0000000025050000,0x0000000025150000)]
  0x000000002024e000 JavaThread "JFXMedia Player EventQueueThread" daemon [_thread_blocked, id=5248, stack(0x0000000024e50000,0x0000000024f50000)]
  0x0000000020254800 JavaThread "JFXMedia Player EventQueueThread" daemon [_thread_blocked, id=8972, stack(0x0000000024b50000,0x0000000024c50000)]
  0x0000000020253800 JavaThread "JFXMedia Player EventQueueThread" daemon [_thread_blocked, id=3532, stack(0x0000000024750000,0x0000000024850000)]
  0x0000000020253000 JavaThread "JFXMedia Player EventQueueThread" daemon [_thread_blocked, id=10052, stack(0x0000000024150000,0x0000000024250000)]
  0x0000000020251000 JavaThread "JFXMedia Player EventQueueThread" daemon [_thread_blocked, id=1808, stack(0x0000000023f50000,0x0000000024050000)]
  0x0000000020250800 JavaThread "JFXMedia Player EventQueueThread" daemon [_thread_blocked, id=7816, stack(0x0000000023d50000,0x0000000023e50000)]
  0x0000000020252000 JavaThread "JFXMedia Player EventQueueThread" daemon [_thread_blocked, id=11796, stack(0x0000000023b50000,0x0000000023c50000)]
  0x000000001972c000 JavaThread "JFXMedia Player EventQueueThread" daemon [_thread_blocked, id=1920, stack(0x0000000023950000,0x0000000023a50000)]
  0x000000001972b000 JavaThread "JFXMedia Player EventQueueThread" daemon [_thread_blocked, id=11164, stack(0x0000000023650000,0x0000000023750000)]
  0x000000001972a800 JavaThread "Disposer" daemon [_thread_blocked, id=8844, stack(0x0000000022d50000,0x0000000022e50000)]
  0x0000000019729000 JavaThread "Thread-8" daemon [_thread_in_native, id=8632, stack(0x0000000022250000,0x0000000022350000)]
=>0x0000000019729800 JavaThread "JavaFX Application Thread" [_thread_in_native, id=6132, stack(0x0000000022150000,0x0000000022250000)]
  0x000000001972d800 JavaThread "Thread-7" daemon [_thread_blocked, id=10252, stack(0x0000000022050000,0x0000000022150000)]
  0x000000001972e000 JavaThread "QuantumRenderer-0" daemon [_thread_blocked, id=9548, stack(0x0000000021f50000,0x0000000022050000)]
  0x000000001986b800 JavaThread "Thread-5" [_thread_blocked, id=3308, stack(0x00000000204c0000,0x00000000205c0000)]
  0x000000001986a800 JavaThread "Thread-4" [_thread_in_Java, id=11228, stack(0x00000000203c0000,0x00000000204c0000)]
  0x000000001f8c4800 JavaThread "Thread-3" [_thread_blocked, id=1876, stack(0x00000000202c0000,0x00000000203c0000)]
  0x0000000019222000 JavaThread "Thread-2" [_thread_blocked, id=10140, stack(0x000000001eff0000,0x000000001f0f0000)]
  0x00000000191fc800 JavaThread "D3D Screen Updater" daemon [_thread_in_native, id=6176, stack(0x000000001edf0000,0x000000001eef0000)]
  0x00000000191a5800 JavaThread "AWT-EventQueue-0" [_thread_blocked, id=6164, stack(0x000000001e0c0000,0x000000001e1c0000)]
  0x0000000019185800 JavaThread "AWT-Windows" daemon [_thread_in_native, id=10360, stack(0x0000000019b00000,0x0000000019c00000)]
  0x0000000019183000 JavaThread "AWT-Shutdown" [_thread_blocked, id=4520, stack(0x0000000019a00000,0x0000000019b00000)]
  0x000000001912d800 JavaThread "Java2D Disposer" daemon [_thread_blocked, id=9296, stack(0x0000000019870000,0x0000000019970000)]
  0x000000001705d800 JavaThread "Service Thread" daemon [_thread_blocked, id=116, stack(0x0000000018d40000,0x0000000018e40000)]
  0x0000000017007800 JavaThread "C1 CompilerThread2" daemon [_thread_blocked, id=1992, stack(0x0000000018840000,0x0000000018940000)]
  0x0000000017004000 JavaThread "C2 CompilerThread1" daemon [_thread_blocked, id=7684, stack(0x0000000018740000,0x0000000018840000)]
  0x0000000017000000 JavaThread "C2 CompilerThread0" daemon [_thread_blocked, id=8852, stack(0x0000000018640000,0x0000000018740000)]
  0x0000000016fff000 JavaThread "Attach Listener" daemon [_thread_blocked, id=11876, stack(0x0000000018540000,0x0000000018640000)]
  0x0000000016ffe000 JavaThread "Signal Dispatcher" daemon [_thread_blocked, id=11224, stack(0x0000000018440000,0x0000000018540000)]
  0x0000000016ff0000 JavaThread "Finalizer" daemon [_thread_blocked, id=9820, stack(0x0000000018250000,0x0000000018350000)]
  0x0000000002422800 JavaThread "Reference Handler" daemon [_thread_blocked, id=11988, stack(0x0000000018150000,0x0000000018250000)]

Other Threads:
  0x0000000016fc7000 VMThread [stack: 0x0000000018050000,0x0000000018150000] [id=6288]
  0x0000000018986800 WatcherThread [stack: 0x0000000018e40000,0x0000000018f40000] [id=6300]

VM state:not at safepoint (normal execution)

VM Mutex/Monitor currently owned by a thread: None

Heap:
 PSYoungGen      total 312832K, used 302799K [0x00000000d5800000, 0x00000000f1000000, 0x0000000100000000)
  eden space 278528K, 96% used [0x00000000d5800000,0x00000000e5e352a0,0x00000000e6800000)
  from space 34304K, 99% used [0x00000000e6800000,0x00000000e897eb60,0x00000000e8980000)
  to   space 42496K, 0% used [0x00000000ee680000,0x00000000ee680000,0x00000000f1000000)
 ParOldGen       total 134656K, used 53332K [0x0000000080800000, 0x0000000088b80000, 0x00000000d5800000)
  object space 134656K, 39% used [0x0000000080800000,0x0000000083c15028,0x0000000088b80000)
 Metaspace       used 40703K, capacity 41666K, committed 41896K, reserved 1085440K
  class space    used 5211K, capacity 5428K, committed 5552K, reserved 1048576K

Card table byte_map: [0x00000000117f0000,0x0000000011bf0000] byte_map_base: 0x00000000113ec000

Marking Bits: (ParMarkBitMap*) 0x0000000052920600
 Begin Bits: [0x00000000122a0000, 0x0000000014280000)
 End Bits:   [0x0000000014280000, 0x0000000016260000)

Polling page: 0x0000000000a10000

CodeCache: size=245760Kb used=13879Kb max_used=13894Kb free=231880Kb
 bounds [0x0000000002430000, 0x00000000031e0000, 0x0000000011430000]
 total_blobs=5507 nmethods=4445 adapters=973
 compilation: enabled

Compilation events (10 events):
Event: 9.279 Thread 0x0000000017004000 nmethod 5117 0x00000000031c8710 code [0x00000000031c8880, 0x00000000031c8ac8]
Event: 9.279 Thread 0x0000000017004000 5119       4       com.sun.javafx.webkit.prism.WCPathImpl::addBezierCurveTo (114 bytes)
Event: 9.279 Thread 0x0000000017000000 nmethod 5116 0x00000000031c5e90 code [0x00000000031c6080, 0x00000000031c6a28]
Event: 9.279 Thread 0x0000000017000000 5118       4       com.sun.javafx.webkit.prism.WCPathImpl::<init> (80 bytes)
Event: 9.281 Thread 0x0000000017000000 nmethod 5118 0x00000000031c9d10 code [0x00000000031c9e80, 0x00000000031ca088]
Event: 9.285 Thread 0x0000000017004000 nmethod 5119 0x00000000031ca790 code [0x00000000031ca900, 0x00000000031cb378]
Event: 9.343 Thread 0x0000000017000000 5120       4       sun.java2d.pipe.RenderQueue::lock (4 bytes)
Event: 9.348 Thread 0x0000000017000000 nmethod 5120 0x00000000031c9090 code [0x00000000031c9220, 0x00000000031c96f0]
Event: 9.369 Thread 0x0000000017004000 5121   !   4       sun.java2d.SunGraphics2D::fillRect (74 bytes)
Event: 9.388 Thread 0x0000000017004000 nmethod 5121 0x00000000031d2590 code [0x00000000031d2800, 0x00000000031d3658]

GC Heap History (10 events):
Event: 2.492 GC heap before
{Heap before GC invocations=9 (full 1):
 PSYoungGen      total 141312K, used 126374K [0x00000000d5800000, 0x00000000e4d00000, 0x0000000100000000)
  eden space 113664K, 99% used [0x00000000d5800000,0x00000000dc6f9958,0x00000000dc700000)
  from space 27648K, 46% used [0x00000000dc700000,0x00000000dd36feb0,0x00000000de200000)
  to   space 27648K, 0% used [0x00000000e3200000,0x00000000e3200000,0x00000000e4d00000)
 ParOldGen       total 102912K, used 30081K [0x0000000080800000, 0x0000000086c80000, 0x00000000d5800000)
  object space 102912K, 29% used [0x0000000080800000,0x0000000082560670,0x0000000086c80000)
 Metaspace       used 26620K, capacity 27484K, committed 27696K, reserved 1073152K
  class space    used 3559K, capacity 3805K, committed 3888K, reserved 1048576K
Event: 2.501 GC heap after
Heap after GC invocations=9 (full 1):
 PSYoungGen      total 218624K, used 24348K [0x00000000d5800000, 0x00000000e5a80000, 0x0000000100000000)
  eden space 190976K, 0% used [0x00000000d5800000,0x00000000d5800000,0x00000000e1280000)
  from space 27648K, 88% used [0x00000000e3200000,0x00000000e49c70a8,0x00000000e4d00000)
  to   space 32256K, 0% used [0x00000000e1280000,0x00000000e1280000,0x00000000e3200000)
 ParOldGen       total 102912K, used 30089K [0x0000000080800000, 0x0000000086c80000, 0x00000000d5800000)
  object space 102912K, 29% used [0x0000000080800000,0x0000000082562670,0x0000000086c80000)
 Metaspace       used 26620K, capacity 27484K, committed 27696K, reserved 1073152K
  class space    used 3559K, capacity 3805K, committed 3888K, reserved 1048576K
}
Event: 2.624 GC heap before
{Heap before GC invocations=10 (full 1):
 PSYoungGen      total 218624K, used 215232K [0x00000000d5800000, 0x00000000e5a80000, 0x0000000100000000)
  eden space 190976K, 99% used [0x00000000d5800000,0x00000000e12691e0,0x00000000e1280000)
  from space 27648K, 88% used [0x00000000e3200000,0x00000000e49c70a8,0x00000000e4d00000)
  to   space 32256K, 0% used [0x00000000e1280000,0x00000000e1280000,0x00000000e3200000)
 ParOldGen       total 102912K, used 30089K [0x0000000080800000, 0x0000000086c80000, 0x00000000d5800000)
  object space 102912K, 29% used [0x0000000080800000,0x0000000082562670,0x0000000086c80000)
 Metaspace       used 28149K, capacity 28988K, committed 29232K, reserved 1075200K
  class space    used 3800K, capacity 4029K, committed 4144K, reserved 1048576K
Event: 2.635 GC heap after
Heap after GC invocations=10 (full 1):
 PSYoungGen      total 223232K, used 23950K [0x00000000d5800000, 0x00000000eb100000, 0x0000000100000000)
  eden space 190976K, 0% used [0x00000000d5800000,0x00000000d5800000,0x00000000e1280000)
  from space 32256K, 74% used [0x00000000e1280000,0x00000000e29e3a90,0x00000000e3200000)
  to   space 35328K, 0% used [0x00000000e8e80000,0x00000000e8e80000,0x00000000eb100000)
 ParOldGen       total 102912K, used 31547K [0x0000000080800000, 0x0000000086c80000, 0x00000000d5800000)
  object space 102912K, 30% used [0x0000000080800000,0x00000000826cee90,0x0000000086c80000)
 Metaspace       used 28149K, capacity 28988K, committed 29232K, reserved 1075200K
  class space    used 3800K, capacity 4029K, committed 4144K, reserved 1048576K
}
Event: 3.323 GC heap before
{Heap before GC invocations=11 (full 1):
 PSYoungGen      total 223232K, used 99222K [0x00000000d5800000, 0x00000000eb100000, 0x0000000100000000)
  eden space 190976K, 39% used [0x00000000d5800000,0x00000000da181ea0,0x00000000e1280000)
  from space 32256K, 74% used [0x00000000e1280000,0x00000000e29e3a90,0x00000000e3200000)
  to   space 35328K, 0% used [0x00000000e8e80000,0x00000000e8e80000,0x00000000eb100000)
 ParOldGen       total 102912K, used 31547K [0x0000000080800000, 0x0000000086c80000, 0x00000000d5800000)
  object space 102912K, 30% used [0x0000000080800000,0x00000000826cee90,0x0000000086c80000)
 Metaspace       used 34487K, capacity 35298K, committed 35496K, reserved 1079296K
  class space    used 4529K, capacity 4742K, committed 4784K, reserved 1048576K
Event: 3.333 GC heap after
Heap after GC invocations=11 (full 1):
 PSYoungGen      total 307712K, used 5650K [0x00000000d5800000, 0x00000000eab00000, 0x0000000100000000)
  eden space 278528K, 0% used [0x00000000d5800000,0x00000000d5800000,0x00000000e6800000)
  from space 29184K, 19% used [0x00000000e8e80000,0x00000000e9404ad0,0x00000000eab00000)
  to   space 34304K, 0% used [0x00000000e6800000,0x00000000e6800000,0x00000000e8980000)
 ParOldGen       total 102912K, used 45740K [0x0000000080800000, 0x0000000086c80000, 0x00000000d5800000)
  object space 102912K, 44% used [0x0000000080800000,0x00000000834ab3c8,0x0000000086c80000)
 Metaspace       used 34487K, capacity 35298K, committed 35496K, reserved 1079296K
  class space    used 4529K, capacity 4742K, committed 4784K, reserved 1048576K
}
Event: 3.333 GC heap before
{Heap before GC invocations=12 (full 2):
 PSYoungGen      total 307712K, used 5650K [0x00000000d5800000, 0x00000000eab00000, 0x0000000100000000)
  eden space 278528K, 0% used [0x00000000d5800000,0x00000000d5800000,0x00000000e6800000)
  from space 29184K, 19% used [0x00000000e8e80000,0x00000000e9404ad0,0x00000000eab00000)
  to   space 34304K, 0% used [0x00000000e6800000,0x00000000e6800000,0x00000000e8980000)
 ParOldGen       total 102912K, used 45740K [0x0000000080800000, 0x0000000086c80000, 0x00000000d5800000)
  object space 102912K, 44% used [0x0000000080800000,0x00000000834ab3c8,0x0000000086c80000)
 Metaspace       used 34487K, capacity 35298K, committed 35496K, reserved 1079296K
  class space    used 4529K, capacity 4742K, committed 4784K, reserved 1048576K
Event: 3.410 GC heap after
Heap after GC invocations=12 (full 2):
 PSYoungGen      total 307712K, used 0K [0x00000000d5800000, 0x00000000eab00000, 0x0000000100000000)
  eden space 278528K, 0% used [0x00000000d5800000,0x00000000d5800000,0x00000000e6800000)
  from space 29184K, 0% used [0x00000000e8e80000,0x00000000e8e80000,0x00000000eab00000)
  to   space 34304K, 0% used [0x00000000e6800000,0x00000000e6800000,0x00000000e8980000)
 ParOldGen       total 134656K, used 48254K [0x0000000080800000, 0x0000000088b80000, 0x00000000d5800000)
  object space 134656K, 35% used [0x0000000080800000,0x000000008371fb78,0x0000000088b80000)
 Metaspace       used 34486K, capacity 35292K, committed 35496K, reserved 1079296K
  class space    used 4529K, capacity 4741K, committed 4784K, reserved 1048576K
}
Event: 4.825 GC heap before
{Heap before GC invocations=13 (full 2):
 PSYoungGen      total 307712K, used 278528K [0x00000000d5800000, 0x00000000eab00000, 0x0000000100000000)
  eden space 278528K, 100% used [0x00000000d5800000,0x00000000e6800000,0x00000000e6800000)
  from space 29184K, 0% used [0x00000000e8e80000,0x00000000e8e80000,0x00000000eab00000)
  to   space 34304K, 0% used [0x00000000e6800000,0x00000000e6800000,0x00000000e8980000)
 ParOldGen       total 134656K, used 48254K [0x0000000080800000, 0x0000000088b80000, 0x00000000d5800000)
  object space 134656K, 35% used [0x0000000080800000,0x000000008371fb78,0x0000000088b80000)
 Metaspace       used 39126K, capacity 39978K, committed 40360K, reserved 1085440K
  class space    used 5062K, capacity 5266K, committed 5296K, reserved 1048576K
Event: 4.839 GC heap after
Heap after GC invocations=13 (full 2):
 PSYoungGen      total 312832K, used 34298K [0x00000000d5800000, 0x00000000f1000000, 0x0000000100000000)
  eden space 278528K, 0% used [0x00000000d5800000,0x00000000d5800000,0x00000000e6800000)
  from space 34304K, 99% used [0x00000000e6800000,0x00000000e897eb60,0x00000000e8980000)
  to   space 42496K, 0% used [0x00000000ee680000,0x00000000ee680000,0x00000000f1000000)
 ParOldGen       total 134656K, used 53332K [0x0000000080800000, 0x0000000088b80000, 0x00000000d5800000)
  object space 134656K, 39% used [0x0000000080800000,0x0000000083c15028,0x0000000088b80000)
 Metaspace       used 39126K, capacity 39978K, committed 40360K, reserved 1085440K
  class space    used 5062K, capacity 5266K, committed 5296K, reserved 1048576K
}

Deoptimization events (10 events):
Event: 6.293 Thread 0x0000000021021000 Uncommon trap: reason=unstable_if action=reinterpret pc=0x0000000002e9b6c8 method=java.lang.String.indexOf([CII[CIII)I @ 27
Event: 6.293 Thread 0x0000000021021000 Uncommon trap: reason=unstable_if action=reinterpret pc=0x0000000002b4d144 method=java.lang.String.indexOf([CII[CIII)I @ 27
Event: 7.389 Thread 0x00000000191fc800 Uncommon trap: reason=unstable_if action=reinterpret pc=0x0000000002dabb04 method=java.util.concurrent.locks.ReentrantLock$Sync.nonfairTryAcquire(I)Z @ 19
Event: 8.924 Thread 0x0000000019729800 Uncommon trap: reason=unstable_if action=reinterpret pc=0x0000000002d10130 method=com.sun.javafx.geom.transform.AffineBase.updateState2D()V @ 24
Event: 8.929 Thread 0x000000001972e000 Uncommon trap: reason=class_check action=maybe_recompile pc=0x0000000002998a74 method=com.sun.webkit.graphics.GraphicsDecoder.decode(Lcom/sun/webkit/graphics/WCGraphicsManager;Lcom/sun/webkit/graphics/WCGraphicsContext;Lcom/sun/webkit/graphics/BufferData;)×ô;èŸÛ!@
Event: 8.929 Thread 0x000000001972e000 Uncommon trap: reason=unstable_if action=reinterpret pc=0x000000000283ef90 method=com.sun.javafx.webkit.prism.WCGraphicsPrismContext.setAlpha(F)V @ 29
Event: 8.931 Thread 0x000000001972e000 Uncommon trap: reason=class_check action=maybe_recompile pc=0x0000000002998a74 method=com.sun.webkit.graphics.GraphicsDecoder.decode(Lcom/sun/webkit/graphics/WCGraphicsManager;Lcom/sun/webkit/graphics/WCGraphicsContext;Lcom/sun/webkit/graphics/BufferData;)4©YéÇÜ!@
Event: 8.931 Thread 0x000000001972e000 Uncommon trap: reason=class_check action=maybe_recompile pc=0x0000000002998a74 method=com.sun.webkit.graphics.GraphicsDecoder.decode(Lcom/sun/webkit/graphics/WCGraphicsManager;Lcom/sun/webkit/graphics/WCGraphicsContext;Lcom/sun/webkit/graphics/BufferData;)¡Îæ#Hß!@
Event: 8.936 Thread 0x000000001972e000 Uncommon trap: reason=class_check action=maybe_recompile pc=0x0000000002998a74 method=com.sun.webkit.graphics.GraphicsDecoder.decode(Lcom/sun/webkit/graphics/WCGraphicsManager;Lcom/sun/webkit/graphics/WCGraphicsContext;Lcom/sun/webkit/graphics/BufferData;)d½.ãªä!@
Event: 8.947 Thread 0x00000000191a5800 Uncommon trap: reason=unstable_if action=reinterpret pc=0x0000000002cfa000 method=java.awt.EventQueue.postEvent(Ljava/awt/AWTEvent;I)V @ 6

Internal exceptions (10 events):
Event: 1.870 Thread 0x0000000019729800 Exception <a 'sun/nio/fs/WindowsException'> (0x00000000d59c5400) thrown at [D:\re\workspace\8-2-build-windows-amd64-cygwin\jdk8u77\6540\hotspot\src\share\vm\prims\jni.cpp, line 709]
Event: 1.873 Thread 0x0000000000a0e000 Exception <a 'java/lang/NullPointerException'> (0x00000000d5841740) thrown at [D:\re\workspace\8-2-build-windows-amd64-cygwin\jdk8u77\6540\hotspot\src\share\vm\interpreter\linkResolver.cpp, line 1280]
Event: 3.646 Thread 0x0000000021075000 Exception <a 'sun/nio/fs/WindowsException'> (0x00000000d7dc5cf0) thrown at [D:\re\workspace\8-2-build-windows-amd64-cygwin\jdk8u77\6540\hotspot\src\share\vm\prims\jni.cpp, line 709]
Event: 4.450 Thread 0x0000000019729800 Exception <a 'java/io/FileNotFoundException'> (0x00000000e3fbd100) thrown at [D:\re\workspace\8-2-build-windows-amd64-cygwin\jdk8u77\6540\hotspot\src\share\vm\prims\jni.cpp, line 709]
Event: 4.450 Thread 0x0000000019729800 Exception <a 'java/io/FileNotFoundException'> (0x00000000e3fbe038) thrown at [D:\re\workspace\8-2-build-windows-amd64-cygwin\jdk8u77\6540\hotspot\src\share\vm\prims\jni.cpp, line 709]
Event: 4.451 Thread 0x0000000019729800 Exception <a 'java/io/FileNotFoundException'> (0x00000000e3ff16b0) thrown at [D:\re\workspace\8-2-build-windows-amd64-cygwin\jdk8u77\6540\hotspot\src\share\vm\prims\jni.cpp, line 709]
Event: 4.451 Thread 0x0000000019729800 Exception <a 'java/io/FileNotFoundException'> (0x00000000e3ff2558) thrown at [D:\re\workspace\8-2-build-windows-amd64-cygwin\jdk8u77\6540\hotspot\src\share\vm\prims\jni.cpp, line 709]
Event: 4.805 Thread 0x00000000214bc000 Exception <a 'java/lang/ClassNotFoundException': sun/net/www/protocol/data/Handler> (0x00000000d7983aa8) thrown at [D:\re\workspace\8-2-build-windows-amd64-cygwin\jdk8u77\6540\hotspot\src\share\vm\classfile\systemDictionary.cpp, line 210]
Event: 4.812 Thread 0x00000000214bc000 Exception <a 'java/lang/ClassNotFoundException': sun/net/www/protocol/data/Handler> (0x00000000d79e6aa8) thrown at [D:\re\workspace\8-2-build-windows-amd64-cygwin\jdk8u77\6540\hotspot\src\share\vm\classfile\systemDictionary.cpp, line 210]
Event: 8.842 Thread 0x0000000021073800 Exception <a 'java/net/ConnectException': Connection refused: connect> (0x00000000dd9d1a70) thrown at [D:\re\workspace\8-2-build-windows-amd64-cygwin\jdk8u77\6540\hotspot\src\share\vm\prims\jni.cpp, line 735]

Events (10 events):
Event: 9.364 Thread 0x00000000214bf800 Thread added: 0x00000000214bf800
Event: 9.364 Thread 0x00000000214bf800 Thread exited: 0x00000000214bf800
Event: 9.364 Thread 0x00000000214bf800 Thread added: 0x00000000214bf800
Event: 9.364 Thread 0x00000000214bf800 Thread exited: 0x00000000214bf800
Event: 9.364 Thread 0x00000000214c0800 Thread added: 0x00000000214c0800
Event: 9.364 Thread 0x00000000214c0800 Thread exited: 0x00000000214c0800
Event: 9.364 Thread 0x00000000214bf800 Thread added: 0x00000000214bf800
Event: 9.364 Thread 0x00000000214bf800 Thread exited: 0x00000000214bf800
Event: 9.400 Thread 0x00000000214bf800 Thread added: 0x00000000214bf800
Event: 9.400 Thread 0x00000000214bf800 Thread exited: 0x00000000214bf800


Dynamic libraries:
0x00007ff7ff140000 - 0x00007ff7ff177000 	C:\Program Files\Java\jdk1.8.0_77\bin\java.exe
0x00007ffdae3e0000 - 0x00007ffdae5b1000 	C:\WINDOWS\SYSTEM32\ntdll.dll
0x00007ffdabbd0000 - 0x00007ffdabc7b000 	C:\WINDOWS\System32\KERNEL32.DLL
0x00007ffdab5e0000 - 0x00007ffdab7fd000 	C:\WINDOWS\System32\KERNELBASE.dll
0x00007ffdac620000 - 0x00007ffdac6c2000 	C:\WINDOWS\System32\ADVAPI32.dll
0x00007ffdac580000 - 0x00007ffdac61e000 	C:\WINDOWS\System32\msvcrt.dll
0x00007ffdab9e0000 - 0x00007ffdaba39000 	C:\WINDOWS\System32\sechost.dll
0x00007ffdabe80000 - 0x00007ffdabfa1000 	C:\WINDOWS\System32\RPCRT4.dll
0x00007ffdac6d0000 - 0x00007ffdac835000 	C:\WINDOWS\System32\USER32.dll
0x00007ffdaaee0000 - 0x00007ffdaaefe000 	C:\WINDOWS\System32\win32u.dll
0x00007ffdabb90000 - 0x00007ffdabbc4000 	C:\WINDOWS\System32\GDI32.dll
0x00007ffdaaaa0000 - 0x00007ffdaac22000 	C:\WINDOWS\System32\gdi32full.dll
0x00007ffda4410000 - 0x00007ffda4689000 	C:\WINDOWS\WinSxS\amd64_microsoft.windows.common-controls_6595b64144ccf1df_6.0.14393.447_none_42191651c6827bb3\COMCTL32.dll
0x00007ffdac850000 - 0x00007ffdacb17000 	C:\WINDOWS\System32\combase.dll
0x00007ffdaac30000 - 0x00007ffdaad25000 	C:\WINDOWS\System32\ucrtbase.dll
0x00007ffdab850000 - 0x00007ffdab8ba000 	C:\WINDOWS\System32\bcryptPrimitives.dll
0x00007ffdaba40000 - 0x00007ffdaba6e000 	C:\WINDOWS\System32\IMM32.DLL
0x0000000052030000 - 0x0000000052102000 	C:\Program Files\Java\jdk1.8.0_77\jre\bin\msvcr100.dll
0x0000000052110000 - 0x00000000529a0000 	C:\Program Files\Java\jdk1.8.0_77\jre\bin\server\jvm.dll
0x00007ffdacec0000 - 0x00007ffdacec8000 	C:\WINDOWS\System32\PSAPI.DLL
0x00007ffda2620000 - 0x00007ffda2629000 	C:\WINDOWS\SYSTEM32\WSOCK32.dll
0x00007ffda8bc0000 - 0x00007ffda8be3000 	C:\WINDOWS\SYSTEM32\WINMM.dll
0x00007ffda5a60000 - 0x00007ffda5a6a000 	C:\WINDOWS\SYSTEM32\VERSION.dll
0x00007ffdabc90000 - 0x00007ffdabcfa000 	C:\WINDOWS\System32\WS2_32.dll
0x0000000002180000 - 0x00000000021ab000 	C:\WINDOWS\SYSTEM32\WINMMBASE.dll
0x00007ffdab800000 - 0x00007ffdab842000 	C:\WINDOWS\System32\cfgmgr32.dll
0x0000000051fe0000 - 0x0000000051fef000 	C:\Program Files\Java\jdk1.8.0_77\jre\bin\verify.dll
0x0000000051fb0000 - 0x0000000051fd9000 	C:\Program Files\Java\jdk1.8.0_77\jre\bin\java.dll
0x0000000051f90000 - 0x0000000051fa6000 	C:\Program Files\Java\jdk1.8.0_77\jre\bin\zip.dll
0x00007ffdaced0000 - 0x00007ffdae3d9000 	C:\WINDOWS\System32\SHELL32.dll
0x00007ffdaaf00000 - 0x00007ffdab5da000 	C:\WINDOWS\System32\windows.storage.dll
0x00007ffdaa880000 - 0x00007ffdaa8cc000 	C:\WINDOWS\System32\powrprof.dll
0x00007ffdabb30000 - 0x00007ffdabb82000 	C:\WINDOWS\System32\shlwapi.dll
0x00007ffdaa870000 - 0x00007ffdaa87f000 	C:\WINDOWS\System32\kernel.appcore.dll
0x00007ffdaad90000 - 0x00007ffdaae39000 	C:\WINDOWS\System32\shcore.dll
0x00007ffdaa840000 - 0x00007ffdaa854000 	C:\WINDOWS\System32\profapi.dll
0x0000000051db0000 - 0x0000000051f48000 	C:\Program Files\Java\jdk1.8.0_77\jre\bin\awt.dll
0x00007ffdaba70000 - 0x00007ffdabb2f000 	C:\WINDOWS\System32\OLEAUT32.dll
0x00007ffdaae40000 - 0x00007ffdaaedc000 	C:\WINDOWS\System32\msvcp_win.dll
0x00007ffda8df0000 - 0x00007ffda8e6a000 	C:\WINDOWS\SYSTEM32\apphelp.dll
0x00007ffda84f0000 - 0x00007ffda8516000 	C:\WINDOWS\system32\DWMAPI.DLL
0x00007ffda8fd0000 - 0x00007ffda9065000 	C:\WINDOWS\system32\uxtheme.dll
0x00007ffdacd60000 - 0x00007ffdacebb000 	C:\WINDOWS\System32\MSCTF.dll
0x00007ffdabfb0000 - 0x00007ffdac0e7000 	C:\WINDOWS\System32\ole32.dll
0x00007ffda0720000 - 0x00007ffda08ad000 	C:\WINDOWS\system32\d3d9.dll
0x00007ffd86670000 - 0x00007ffd87713000 	C:\WINDOWS\System32\DriverStore\FileRepository\nv_dispiwu.inf_amd64_9ff5ab165faead52\nvd3dumx.dll
0x0000000180000000 - 0x00000001801a7000 	C:\WINDOWS\system32\nvspcap64.dll
0x00007ffdac0f0000 - 0x00007ffdac519000 	C:\WINDOWS\System32\SETUPAPI.dll
0x00007ffda4310000 - 0x00007ffda43dd000 	C:\WINDOWS\SYSTEM32\WINHTTP.dll
0x00007ffda1f20000 - 0x00007ffda22fc000 	C:\WINDOWS\system32\nvapi64.dll
0x00007ffda97d0000 - 0x00007ffda986f000 	C:\WINDOWS\SYSTEM32\dxgi.dll
0x00007ffdaa510000 - 0x00007ffdaa53c000 	C:\WINDOWS\SYSTEM32\SspiCli.dll
0x0000000051d60000 - 0x0000000051da7000 	C:\Program Files\Java\jdk1.8.0_77\jre\bin\fontmanager.dll
0x0000000051f70000 - 0x0000000051f8a000 	C:\Program Files\Java\jdk1.8.0_77\jre\bin\net.dll
0x00007ffdaa0a0000 - 0x00007ffdaa0fc000 	C:\WINDOWS\system32\mswsock.dll
0x0000000051f50000 - 0x0000000051f61000 	C:\Program Files\Java\jdk1.8.0_77\jre\bin\nio.dll
0x0000000051d10000 - 0x0000000051d52000 	C:\Program Files\Java\jdk1.8.0_77\jre\bin\t2k.dll
0x00007ffd8a5e0000 - 0x00007ffd8afb5000 	C:\Users\Mactabi\Desktop\Projects\importingCircle2d\libs\OpenCV\opencv_java2413.dll
0x00007ffda2520000 - 0x00007ffda2540000 	C:\WINDOWS\SYSTEM32\AVIFIL32.dll
0x00007ffda24f0000 - 0x00007ffda2519000 	C:\WINDOWS\SYSTEM32\MSVFW32.dll
0x00007ffda1da0000 - 0x00007ffda1db8000 	C:\WINDOWS\SYSTEM32\AVICAP32.dll
0x00007ffda14b0000 - 0x00007ffda14cc000 	C:\WINDOWS\SYSTEM32\MSACM32.dll
0x00007ffdaccc0000 - 0x00007ffdacd5f000 	C:\WINDOWS\System32\clbcatq.dll
0x00007ffda1d80000 - 0x00007ffda1d98000 	C:\Windows\System32\devenum.dll
0x00007ffda9c50000 - 0x00007ffda9c82000 	C:\WINDOWS\SYSTEM32\ntmarta.dll
0x00007ffda94d0000 - 0x00007ffda94f8000 	C:\WINDOWS\SYSTEM32\DEVOBJ.dll
0x00007ffdaad30000 - 0x00007ffdaad85000 	C:\WINDOWS\System32\WINTRUST.dll
0x00007ffdaa860000 - 0x00007ffdaa870000 	C:\WINDOWS\System32\MSASN1.dll
0x00007ffdaa8d0000 - 0x00007ffdaaa99000 	C:\WINDOWS\System32\CRYPT32.dll
0x00007ffda4db0000 - 0x00007ffda4dba000 	C:\WINDOWS\SYSTEM32\msdmo.dll
0x00007ffda5840000 - 0x00007ffda58b1000 	C:\WINDOWS\SYSTEM32\MMDevAPI.DLL
0x00007ffda8340000 - 0x00007ffda84c5000 	C:\WINDOWS\SYSTEM32\PROPSYS.dll
0x00007ffda1290000 - 0x00007ffda12cf000 	C:\WINDOWS\SYSTEM32\wdmaud.drv
0x00007ffda4950000 - 0x00007ffda4959000 	C:\WINDOWS\SYSTEM32\ksuser.dll
0x00007ffda7090000 - 0x00007ffda709b000 	C:\WINDOWS\SYSTEM32\AVRT.dll
0x00007ffda0ca0000 - 0x00007ffda0d34000 	C:\WINDOWS\SYSTEM32\AUDIOSES.DLL
0x00007ffda78a0000 - 0x00007ffda79d6000 	C:\WINDOWS\SYSTEM32\wintypes.dll
0x00007ffda48d0000 - 0x00007ffda48dd000 	C:\WINDOWS\SYSTEM32\msacm32.drv
0x00007ffda4770000 - 0x00007ffda477a000 	C:\WINDOWS\SYSTEM32\midimap.dll
0x00007ffd8ec00000 - 0x00007ffd8ecef000 	C:\Program Files\Java\jdk1.8.0_77\jre\bin\msvcr120.dll
0x00007ffd9c360000 - 0x00007ffd9c406000 	C:\Program Files\Java\jdk1.8.0_77\jre\bin\msvcp120.dll
0x0000000051c90000 - 0x0000000051cb3000 	C:\Program Files\Java\jdk1.8.0_77\jre\bin\prism_d3d.dll
0x0000000051b70000 - 0x0000000051bb3000 	C:\Program Files\Java\jdk1.8.0_77\jre\bin\glass.dll
0x00007ffdabd80000 - 0x00007ffdabe7a000 	C:\WINDOWS\System32\COMDLG32.dll
0x0000000051b30000 - 0x0000000051b61000 	C:\Program Files\Java\jdk1.8.0_77\jre\bin\jpeg.dll
0x0000000051ab0000 - 0x0000000051b22000 	C:\Program Files\Java\jdk1.8.0_77\jre\bin\glib-lite.dll
0x0000000051660000 - 0x00000000516fc000 	C:\Program Files\Java\jdk1.8.0_77\jre\bin\gstreamer-lite.dll
0x00007ffda2950000 - 0x00007ffda29eb000 	C:\WINDOWS\SYSTEM32\DSOUND.dll
0x0000000051a80000 - 0x0000000051aa5000 	C:\Program Files\Java\jdk1.8.0_77\jre\bin\jfxmedia.dll
0x0000000073c00000 - 0x000000007618e000 	C:\Program Files\Java\jdk1.8.0_77\jre\bin\jfxwebkit.dll
0x00007ffdaa310000 - 0x00007ffdaa327000 	C:\WINDOWS\SYSTEM32\CRYPTSP.dll
0x00007ffdaa220000 - 0x00007ffdaa253000 	C:\WINDOWS\system32\rsaenh.dll
0x00007ffdaa780000 - 0x00007ffdaa7ab000 	C:\WINDOWS\SYSTEM32\bcrypt.dll
0x00007ffdaa330000 - 0x00007ffdaa33b000 	C:\WINDOWS\SYSTEM32\CRYPTBASE.dll
0x0000000051a50000 - 0x0000000051a80000 	C:\Program Files\Java\jdk1.8.0_77\jre\bin\fxplugins.dll
0x00007ffd8a370000 - 0x00007ffd8a5d1000 	C:\Windows\System32\msmpeg2vdec.dll
0x00007ffd8a240000 - 0x00007ffd8a36d000 	C:\Windows\System32\mfperfhelper.dll
0x00007ffd9d1b0000 - 0x00007ffd9d318000 	C:\Windows\System32\MFPlat.DLL
0x00007ffd9d3d0000 - 0x00007ffd9d3fe000 	C:\Windows\System32\RTWorkQ.DLL
0x00007ffda2e30000 - 0x00007ffda2e3c000 	C:\Windows\System32\CompPkgSup.DLL
0x00007ffd9f4e0000 - 0x00007ffd9f8d7000 	C:\Windows\System32\Windows.StateRepository.dll
0x00007ffd9d640000 - 0x00007ffd9d6e1000 	C:\Windows\System32\StateRepository.Core.dll
0x00007ffd8c8c0000 - 0x00007ffd8c9b8000 	C:\Windows\System32\msmpeg2adec.dll
0x00007ffd89bf0000 - 0x00007ffd89db3000 	C:\Windows\System32\quartz.dll
0x0000000051c70000 - 0x0000000051c84000 	C:\Program Files\Java\jdk1.8.0_77\jre\bin\javafx_font.dll
0x00007ffd9c7c0000 - 0x00007ffd9ca29000 	C:\WINDOWS\SYSTEM32\dwrite.dll
0x00007ffda9e70000 - 0x00007ffda9f10000 	C:\WINDOWS\SYSTEM32\DNSAPI.dll
0x00007ffdac840000 - 0x00007ffdac848000 	C:\WINDOWS\System32\NSI.dll
0x00007ffda9e30000 - 0x00007ffda9e68000 	C:\WINDOWS\SYSTEM32\IPHLPAPI.DLL
0x0000000052f10000 - 0x0000000052f36000 	C:\Program Files\Bonjour\mdnsNSP.dll
0x00007ffda0330000 - 0x00007ffda033a000 	C:\Windows\System32\rasadhlp.dll
0x00007ffda3fc0000 - 0x00007ffda402a000 	C:\WINDOWS\System32\fwpuclnt.dll
0x00007ffda7ef0000 - 0x00007ffda8098000 	C:\WINDOWS\SYSTEM32\WindowsCodecs.dll
0x0000000051640000 - 0x0000000051651000 	C:\Program Files\Java\jdk1.8.0_77\jre\bin\prism_common.dll
0x00007ffda06d0000 - 0x00007ffda0719000 	C:\WINDOWS\system32\dataexchange.dll
0x00007ffda7390000 - 0x00007ffda7646000 	C:\WINDOWS\system32\d3d11.dll
0x00007ffda87c0000 - 0x00007ffda8911000 	C:\WINDOWS\system32\dcomp.dll
0x00007ffda92c0000 - 0x00007ffda93dc000 	C:\WINDOWS\system32\twinapi.appcore.dll
0x00007ffda9f20000 - 0x00007ffda9f3f000 	C:\WINDOWS\SYSTEM32\USERENV.dll
0x00007ffda5130000 - 0x00007ffda5146000 	C:\WINDOWS\SYSTEM32\dhcpcsvc6.DLL
0x00007ffda5110000 - 0x00007ffda512a000 	C:\WINDOWS\SYSTEM32\dhcpcsvc.DLL
0x0000000051610000 - 0x0000000051634000 	C:\Program Files\Java\jdk1.8.0_77\jre\bin\sunec.dll
0x00007ffd9d320000 - 0x00007ffd9d336000 	C:\WINDOWS\system32\napinsp.dll
0x00007ffda2910000 - 0x00007ffda292a000 	C:\WINDOWS\system32\pnrpnsp.dll
0x00007ffda84d0000 - 0x00007ffda84e8000 	C:\WINDOWS\system32\NLAapi.dll
0x00007ffda2900000 - 0x00007ffda290e000 	C:\WINDOWS\System32\winrnr.dll
0x00000000515e0000 - 0x0000000051603000 	C:\Program Files\Java\jdk1.8.0_77\jre\bin\javafx_iio.dll
0x00007ffd9e470000 - 0x00007ffd9e602000 	C:\WINDOWS\SYSTEM32\dbghelp.dll

VM Arguments:
jvm_args: -Dfile.encoding=UTF-8 
java_command: importingcircle2d.ImportingCircle2d
java_class_path (initial): C:\Users\Mactabi\Desktop\Projects\importingCircle2d\libs\activation.jar;C:\Users\Mactabi\Desktop\Projects\importingCircle2d\libs\antlr-2.7.7.jar;C:\Users\Mactabi\Desktop\Projects\importingCircle2d\libs\dom4j-1.6.1.jar;C:\Users\Mactabi\Desktop\Projects\importingCircle2d\libs\hibernate-commons-annotations-4.0.2.Final.jar;C:\Users\Mactabi\Desktop\Projects\importingCircle2d\libs\hibernate-core-4.2.2.Final.jar;C:\Users\Mactabi\Desktop\Projects\importingCircle2d\libs\hibernate-jpa-2.0-api-1.0.1.Final.jar;C:\Users\Mactabi\Desktop\Projects\importingCircle2d\libs\java-mail-1.4.jar;C:\Users\Mactabi\Desktop\Projects\importingCircle2d\libs\javassist-3.15.0-GA.jar;C:\Users\Mactabi\Desktop\Projects\importingCircle2d\libs\jboss-logging-3.1.0.GA.jar;C:\Users\Mactabi\Desktop\Projects\importingCircle2d\libs\jboss-transaction-api_1.1_spec-1.0.1.Final.jar;C:\Users\Mactabi\Desktop\Projects\importingCircle2d\libs\mail.jar;C:\Users\Mactabi\Desktop\Projects\importingCircle2d\libs\mysql-connector-java-5.1.39-bin.jar;C:\Users\Mactabi\Desktop\Projects\importingCircle2d\libs\poi\curvesapi-1.03.jar;C:\Users\Mactabi\Desktop\Projects\importingCircle2d\libs\poi\poi-3.14-20160307.jar;C:\Users\Mactabi\Desktop\Projects\importingCircle2d\libs\poi\poi-examples-3.14-20160307.jar;C:\Users\Mactabi\Desktop\Projects\importingCircle2d\libs\poi\poi-excelant-3.14-20160307.jar;C:\Users\Mactabi\Desktop\Projects\importingCircle2d\libs\poi\poi-ooxml-3.14-20160307.jar;C:\Users\Mactabi\Desktop\Projects\importingCircle2d\libs\poi\poi-ooxml-schemas-3.14-20160307.jar;C:\Users\Mactabi\Desktop\Projects\importingCircle2d\libs\poi\poi-scratchpad-3.14-20160307.jar;C:\Users\Mactabi\Desktop\Projects\importingCircle2d\libs\poi\xmlbeans-2.6.0.jar;C:\Users\Mactabi\Desktop\Projects\importingCircle2d\libs\MigLayout\miglayout-4.0.jar;C:\Users\Mactabi\Desktop\Projects\importingCircle2d\libs\OpenCV;C:\Users\Mactabi\Desktop\Projects\importingCircle2d\libs\OpenCV\opencv-2413.jar;C:\Users\Mactabi\Desktop\Pro
Launcher Type: SUN_STANDARD

Environment Variables:
PATH=C:\ProgramData\Oracle\Java\javapath;C:\Program Files (x86)\Common Files\Intel\Shared Files\cpp\bin\Intel64;C:\Windows\system32;C:\Windows;C:\Windows\System32\Wbem;C:\Windows\System32\WindowsPowerShell\v1.0\;C:\Program Files (x86)\NVIDIA Corporation\PhysX\Common;C:\Program Files\Microsoft SQL Server\120\Tools\Binn\;C:\Program Files\Microsoft SQL Server\130\Tools\Binn\;C:\Program Files\Git\cmd;C:\Program Files (x86)\MySQL\MySQL Fabric 1.5 & MySQL Utilities 1.5\;C:\Program Files (x86)\MySQL\MySQL Fabric 1.5 & MySQL Utilities 1.5\Doctrine extensions for PHP\;C:\WINDOWS\system32;C:\WINDOWS;C:\WINDOWS\System32\Wbem;C:\WINDOWS\System32\WindowsPowerShell\v1.0\;C:\Users\Mactabi\AppData\Local\Microsoft\WindowsApps;
USERNAME=Mactabi
OS=Windows_NT
PROCESSOR_IDENTIFIER=Intel64 Family 6 Model 60 Stepping 3, GenuineIntel



---------------  S Y S T E M  ---------------

OS: Windows 10.0 , 64 bit Build 14393 (10.0.14393.0)

CPU:total 4 (4 cores per cpu, 1 threads per core) family 6 model 60 stepping 3, cmov, cx8, fxsr, mmx, sse, sse2, sse3, ssse3, sse4.1, sse4.2, popcnt, avx, avx2, aes, clmul, erms, lzcnt, tsc, tscinvbit, bmi1, bmi2

Memory: 4k page, physical 8354036k(4307544k free), swap 9664756k(4476532k free)

vm_info: Java HotSpot(TM) 64-Bit Server VM (25.77-b03) for windows-amd64 JRE (1.8.0_77-b03), built on Mar 20 2016 22:01:33 by "java_re" with MS VC++ 10.0 (VS2010)

time: Wed Nov 23 10:12:28 2016
elapsed time: 9 seconds (0d 0h 0m 9s)

